<?xml version="1.0" encoding="UTF-8"?>
<testng-results ignored="0" total="1" passed="1" failed="0" skipped="0">
  <reporter-output>
  </reporter-output>
  <suite started-at="2026-04-24T11:29:07 IST" name="Expedia Automation Suite" finished-at="2026-04-24T11:29:31 IST" duration-ms="24337">
    <groups>
      <group name="cucumber">
        <method signature="AbstractTestNGCucumberTests.runScenario(io.cucumber.testng.PickleWrapper,io.cucumber.testng.FeatureWrapper)[pri:0, instance:io.github.nowshad.expedia.runners.SanityRunner@687e99d8]" name="runScenario" class="io.cucumber.testng.AbstractTestNGCucumberTests"/>
      </group> <!-- cucumber -->
    </groups>
    <test started-at="2026-04-24T11:29:07 IST" name="Sanity Tests" finished-at="2026-04-24T11:29:31 IST" duration-ms="24337">
      <class name="io.github.nowshad.expedia.runners.SanityRunner">
        <test-method is-config="true" signature="setUpClass(org.testng.ITestContext)[pri:0, instance:io.github.nowshad.expedia.runners.SanityRunner@687e99d8]" started-at="2026-04-24T11:29:07 IST" name="setUpClass" finished-at="2026-04-24T11:29:07 IST" duration-ms="880" status="PASS">
          <params>
            <param index="0">
              <value>
                <![CDATA[org.testng.TestRunner@6403a4a5]]>
              </value>
            </param>
          </params>
          <reporter-output>
          </reporter-output>
        </test-method> <!-- setUpClass -->
        <test-method signature="runScenario(io.cucumber.testng.PickleWrapper,io.cucumber.testng.FeatureWrapper)[pri:0, instance:io.github.nowshad.expedia.runners.SanityRunner@687e99d8]" started-at="2026-04-24T11:29:07 IST" name="runScenario" description="Runs Cucumber Scenarios" data-provider="scenarios" finished-at="2026-04-24T11:29:31 IST" duration-ms="23308" status="PASS">
          <params>
            <param index="0">
              <value>
                <![CDATA["Browser launches and Expedia homepage loads"]]>
              </value>
            </param>
            <param index="1">
              <value>
                <![CDATA["Framework Sanity Check"]]>
              </value>
            </param>
          </params>
          <reporter-output>
          </reporter-output>
        </test-method> <!-- runScenario -->
        <test-method is-config="true" signature="tearDownClass()[pri:0, instance:io.github.nowshad.expedia.runners.SanityRunner@687e99d8]" started-at="2026-04-24T11:29:31 IST" name="tearDownClass" finished-at="2026-04-24T11:29:31 IST" duration-ms="90" status="PASS">
          <reporter-output>
          </reporter-output>
        </test-method> <!-- tearDownClass -->
      </class> <!-- io.github.nowshad.expedia.runners.SanityRunner -->
    </test> <!-- Sanity Tests -->
  </suite> <!-- Expedia Automation Suite -->
</testng-results>
